(0000) 3000  0011000000000000 (   6)                 .ORIG x3000
(3000) E07F  1110000001111111 (  10)                 LEA   R0 FIRSTPROMPT
(3001) F022  1111000000100010 (  11)                 TRAP  x22
(3002) 5020  0101000000100000 (  12)                 AND   R0 R0 #0
(3003) E0E2  1110000011100010 (  13)                 LEA   R0 SPACE
(3004) F022  1111000000100010 (  14)                 TRAP  x22
(3005) 5020  0101000000100000 (  15)                 AND   R0 R0 #0
(3006) E0AA  1110000010101010 (  16)                 LEA   R0 SAMPLE
(3007) F022  1111000000100010 (  17)                 TRAP  x22
(3008) 26E3  0010011011100011 (  19)                 LD    R3 POINTER
(3009) 2CE3  0010110011100011 (  20)                 LD    R6 IOCOUNTER
(300A) F023  1111000000100011 (  25) INPUT           TRAP  x23
(300B) 54A0  0101010010100000 (  26)                 AND   R2 R2 #0
(300C) 5B60  0101101101100000 (  27)                 AND   R5 R5 #0
(300D) 2ADC  0010101011011100 (  28)                 LD    R5 PLACEHUNDRED
(300E) 24D9  0010010011011001 (  29)                 LD    R2 HEXN48
(300F) 1002  0001000000000010 (  30)                 ADD   R0 R0 R2
(3010) 1420  0001010000100000 (  31)                 ADD   R2 R0 #0
(3011) 1020  0001000000100000 (  32)                 ADD   R0 R0 #0
(3012) 1002  0001000000000010 (  35) FIRST_NUM       ADD   R0 R0 R2
(3013) 1B7F  0001101101111111 (  36)                 ADD   R5 R5 #-1
(3014) 03FD  0000001111111101 (  37)                 BRP   FIRST_NUM
(3015) 1220  0001001000100000 (  38)                 ADD   R1 R0 #0
(3016) 1020  0001000000100000 (  39)                 ADD   R0 R0 #0
(3017) F023  1111000000100011 (  41)                 TRAP  x23
(3018) 14A0  0001010010100000 (  42)                 ADD   R2 R2 #0
(3019) 1B60  0001101101100000 (  43)                 ADD   R5 R5 #0
(301A) 2AD0  0010101011010000 (  44)                 LD    R5 PLACETEN
(301B) 24CC  0010010011001100 (  45)                 LD    R2 HEXN48
(301C) 1002  0001000000000010 (  46)                 ADD   R0 R0 R2
(301D) 1420  0001010000100000 (  47)                 ADD   R2 R0 #0
(301E) 5020  0101000000100000 (  48)                 AND   R0 R0 #0
(301F) 1002  0001000000000010 (  51) SECOND_NUM      ADD   R0 R0 R2
(3020) 1B7F  0001101101111111 (  52)                 ADD   R5 R5 #-1
(3021) 03FD  0000001111111101 (  53)                 BRP   SECOND_NUM
(3022) 1820  0001100000100000 (  54)                 ADD   R4 R0 #0
(3023) 5020  0101000000100000 (  55)                 AND   R0 R0 #0
(3024) F023  1111000000100011 (  57)                 TRAP  x23
(3025) 54A0  0101010010100000 (  58)                 AND   R2 R2 #0
(3026) 24C1  0010010011000001 (  59)                 LD    R2 HEXN48
(3027) 1002  0001000000000010 (  60)                 ADD   R0 R0 R2
(3028) 54A0  0101010010100000 (  61)                 AND   R2 R2 #0
(3029) 1444  0001010001000100 (  63)                 ADD   R2 R1 R4
(302A) 1402  0001010000000010 (  64)                 ADD   R2 R0 R2
(302B) 74C0  0111010011000000 (  65)                 STR   R2 R3 #0
(302C) 16E1  0001011011100001 (  66)                 ADD   R3 R3 #1
(302D) 1DBF  0001110110111111 (  67)                 ADD   R6 R6 #-1
(302E) 03DB  0000001111011011 (  68)                 BRP   INPUT
(302F) 4802  0100100000000010 (  70)                 JSR   BUBBLESORT
(3030) 481A  0100100000011010 (  71)                 JSR   PRODUCTLOOP
(3031) F025  1111000000100101 (  72)                 TRAP  x25
(3032) 56E0  0101011011100000 (  77) BUBBLESORT      AND   R3 R3 #0
(3033) 26B8  0010011010111000 (  78)                 LD    R3 POINTER
(3034) 5920  0101100100100000 (  79)                 AND   R4 R4 #0
(3035) 28B7  0010100010110111 (  80)                 LD    R4 IOCOUNTER
(3036) 5B60  0101101101100000 (  81)                 AND   R5 R5 #0
(3037) 2AB5  0010101010110101 (  82)                 LD    R5 IOCOUNTER
(3038) 193F  0001100100111111 (  84) OUTERLOOP       ADD   R4 R4 #-1
(3039) 040F  0000010000001111 (  85)                 BRZ   SORTED
(303A) 1B20  0001101100100000 (  86)                 ADD   R5 R4 #0
(303B) 26B0  0010011010110000 (  87)                 LD    R3 POINTER
(303C) 60C0  0110000011000000 (  89) INNERLOOP       LDR   R0 R3 #0
(303D) 62C1  0110001011000001 (  90)                 LDR   R1 R3 #1
(303E) 54A0  0101010010100000 (  91)                 AND   R2 R2 #0
(303F) 947F  1001010001111111 (  92)                 NOT   R2 R1
(3040) 14A1  0001010010100001 (  93)                 ADD   R2 R2 #1
(3041) 1402  0001010000000010 (  94)                 ADD   R2 R0 R2
(3042) 0802  0000100000000010 (  95)                 BRN   SWAPPED
(3043) 72C0  0111001011000000 (  96)                 STR   R1 R3 #0
(3044) 70C1  0111000011000001 (  97)                 STR   R0 R3 #1
(3045) 16E1  0001011011100001 (  99) SWAPPED         ADD   R3 R3 #1
(3046) 1B7F  0001101101111111 ( 100)                 ADD   R5 R5 #-1
(3047) 03F4  0000001111110100 ( 101)                 BRP   INNERLOOP
(3048) 07EF  0000011111101111 ( 102)                 BRZP  OUTERLOOP
(3049) C1C0  1100000111000000 ( 103) SORTED          RET   
(304A) C1C0  1100000111000000 ( 104)                 RET   
(304B) E07D  1110000001111101 ( 107) PRODUCTLOOP     LEA   R0 PROMPTEXECUTE
(304C) F022  1111000000100010 ( 108)                 TRAP  x22
(304D) 269E  0010011010011110 ( 109)                 LD    R3 POINTER
(304E) 2C9E  0010110010011110 ( 110)                 LD    R6 IOCOUNTER
(304F) 5260  0101001001100000 ( 113) RESULTLOOP      AND   R1 R1 #0
(3050) 54A0  0101010010100000 ( 114)                 AND   R2 R2 #0
(3051) 5920  0101100100100000 ( 115)                 AND   R4 R4 #0
(3052) 5B60  0101101101100000 ( 116)                 AND   R5 R5 #0
(3053) 5020  0101000000100000 ( 117)                 AND   R0 R0 #0
(3054) 2091  0010000010010001 ( 118)                 LD    R0 SPACE
(3055) F021  1111000000100001 ( 119)                 TRAP  x21
(3056) 5020  0101000000100000 ( 120)                 AND   R0 R0 #0
(3057) 60C0  0110000011000000 ( 121)                 LDR   R0 R3 #0
(3058) 2491  0010010010010001 ( 123)                 LD    R2 PLACEHUNDRED
(3059) 94BF  1001010010111111 ( 124)                 NOT   R2 R2
(305A) 14A1  0001010010100001 ( 125)                 ADD   R2 R2 #1
(305B) 1261  0001001001100001 ( 128) MINUS01         ADD   R1 R1 #1
(305C) 1002  0001000000000010 ( 129)                 ADD   R0 R0 R2
(305D) 07FD  0000011111111101 ( 130)                 BRZP  MINUS01
(305E) 54A0  0101010010100000 ( 132) REMAINDER01     AND   R2 R2 #0
(305F) 248A  0010010010001010 ( 133)                 LD    R2 PLACEHUNDRED
(3060) 1002  0001000000000010 ( 134)                 ADD   R0 R0 R2
(3061) 127F  0001001001111111 ( 135)                 ADD   R1 R1 #-1
(3062) B28B  1011001010001011 ( 136)                 STI   R1 FIRSTNUM
(3063) 54A0  0101010010100000 ( 138)                 AND   R2 R2 #0
(3064) 2486  0010010010000110 ( 139)                 LD    R2 PLACETEN
(3065) 94BF  1001010010111111 ( 140)                 NOT   R2 R2
(3066) 14A1  0001010010100001 ( 141)                 ADD   R2 R2 #1
(3067) 1921  0001100100100001 ( 144) MINUS02         ADD   R4 R4 #1
(3068) 1002  0001000000000010 ( 145)                 ADD   R0 R0 R2
(3069) 07FD  0000011111111101 ( 146)                 BRZP  MINUS02
(306A) 54A0  0101010010100000 ( 149) REMAINDER02     AND   R2 R2 #0
(306B) 247F  0010010001111111 ( 150)                 LD    R2 PLACETEN
(306C) 1A02  0001101000000010 ( 151)                 ADD   R5 R0 R2
(306D) BA82  1011101010000010 ( 152)                 STI   R5 THIRDNUM
(306E) 193F  0001100100111111 ( 153)                 ADD   R4 R4 #-1
(306F) B87F  1011100001111111 ( 154)                 STI   R4 SECONDNUM
(3070) 5020  0101000000100000 ( 156)                 AND   R0 R0 #0
(3071) A07C  1010000001111100 ( 157)                 LDI   R0 FIRSTNUM
(3072) 54A0  0101010010100000 ( 158)                 AND   R2 R2 #0
(3073) 2475  0010010001110101 ( 159)                 LD    R2 HEX48
(3074) 1002  0001000000000010 ( 160)                 ADD   R0 R0 R2
(3075) F021  1111000000100001 ( 161)                 TRAP  x21
(3076) 5020  0101000000100000 ( 163)                 AND   R0 R0 #0
(3077) A078  1010000001111000 ( 164)                 LDI   R0 THIRDNUM
(3078) 54A0  0101010010100000 ( 165)                 AND   R2 R2 #0
(3079) 246F  0010010001101111 ( 166)                 LD    R2 HEX48
(307A) 1002  0001000000000010 ( 167)                 ADD   R0 R0 R2
(307B) F021  1111000000100001 ( 168)                 TRAP  x21
(307C) 16E1  0001011011100001 ( 170)                 ADD   R3 R3 #1
(307D) 1DBF  0001110110111111 ( 171)                 ADD   R6 R6 #-1
(307E) 03D0  0000001111010000 ( 172)                 BRP   RESULTLOOP
(307F) F025  1111000000100101 ( 173)                 TRAP  x25
(3080) 0049  0000000001001001 ( 175) FIRSTPROMPT     .FILL x0049
(3081) 006E  0000000001101110 ( 175)                 .FILL x006E
(3082) 0070  0000000001110000 ( 175)                 .FILL x0070
(3083) 0075  0000000001110101 ( 175)                 .FILL x0075
(3084) 0074  0000000001110100 ( 175)                 .FILL x0074
(3085) 0020  0000000000100000 ( 175)                 .FILL x0020
(3086) 0038  0000000000111000 ( 175)                 .FILL x0038
(3087) 0020  0000000000100000 ( 175)                 .FILL x0020
(3088) 006E  0000000001101110 ( 175)                 .FILL x006E
(3089) 0075  0000000001110101 ( 175)                 .FILL x0075
(308A) 006D  0000000001101101 ( 175)                 .FILL x006D
(308B) 0062  0000000001100010 ( 175)                 .FILL x0062
(308C) 0065  0000000001100101 ( 175)                 .FILL x0065
(308D) 0072  0000000001110010 ( 175)                 .FILL x0072
(308E) 0073  0000000001110011 ( 175)                 .FILL x0073
(308F) 0020  0000000000100000 ( 175)                 .FILL x0020
(3090) 0062  0000000001100010 ( 175)                 .FILL x0062
(3091) 0065  0000000001100101 ( 175)                 .FILL x0065
(3092) 0074  0000000001110100 ( 175)                 .FILL x0074
(3093) 0077  0000000001110111 ( 175)                 .FILL x0077
(3094) 0065  0000000001100101 ( 175)                 .FILL x0065
(3095) 0065  0000000001100101 ( 175)                 .FILL x0065
(3096) 006E  0000000001101110 ( 175)                 .FILL x006E
(3097) 0020  0000000000100000 ( 175)                 .FILL x0020
(3098) 0030  0000000000110000 ( 175)                 .FILL x0030
(3099) 0030  0000000000110000 ( 175)                 .FILL x0030
(309A) 0030  0000000000110000 ( 175)                 .FILL x0030
(309B) 0020  0000000000100000 ( 175)                 .FILL x0020
(309C) 002D  0000000000101101 ( 175)                 .FILL x002D
(309D) 0020  0000000000100000 ( 175)                 .FILL x0020
(309E) 0031  0000000000110001 ( 175)                 .FILL x0031
(309F) 0030  0000000000110000 ( 175)                 .FILL x0030
(30A0) 0030  0000000000110000 ( 175)                 .FILL x0030
(30A1) 0020  0000000000100000 ( 175)                 .FILL x0020
(30A2) 0077  0000000001110111 ( 175)                 .FILL x0077
(30A3) 0069  0000000001101001 ( 175)                 .FILL x0069
(30A4) 0074  0000000001110100 ( 175)                 .FILL x0074
(30A5) 0068  0000000001101000 ( 175)                 .FILL x0068
(30A6) 0020  0000000000100000 ( 175)                 .FILL x0020
(30A7) 0033  0000000000110011 ( 175)                 .FILL x0033
(30A8) 0020  0000000000100000 ( 175)                 .FILL x0020
(30A9) 0064  0000000001100100 ( 175)                 .FILL x0064
(30AA) 0069  0000000001101001 ( 175)                 .FILL x0069
(30AB) 0067  0000000001100111 ( 175)                 .FILL x0067
(30AC) 0069  0000000001101001 ( 175)                 .FILL x0069
(30AD) 0074  0000000001110100 ( 175)                 .FILL x0074
(30AE) 0073  0000000001110011 ( 175)                 .FILL x0073
(30AF) 002E  0000000000101110 ( 175)                 .FILL x002E
(30B0) 0000  0000000000000000 ( 175)                 .FILL x0000
(30B1) 0045  0000000001000101 ( 176) SAMPLE          .FILL x0045
(30B2) 0078  0000000001111000 ( 176)                 .FILL x0078
(30B3) 003A  0000000000111010 ( 176)                 .FILL x003A
(30B4) 0020  0000000000100000 ( 176)                 .FILL x0020
(30B5) 0030  0000000000110000 ( 176)                 .FILL x0030
(30B6) 0031  0000000000110001 ( 176)                 .FILL x0031
(30B7) 0030  0000000000110000 ( 176)                 .FILL x0030
(30B8) 002C  0000000000101100 ( 176)                 .FILL x002C
(30B9) 0020  0000000000100000 ( 176)                 .FILL x0020
(30BA) 0030  0000000000110000 ( 176)                 .FILL x0030
(30BB) 0030  0000000000110000 ( 176)                 .FILL x0030
(30BC) 0031  0000000000110001 ( 176)                 .FILL x0031
(30BD) 002C  0000000000101100 ( 176)                 .FILL x002C
(30BE) 0020  0000000000100000 ( 176)                 .FILL x0020
(30BF) 0031  0000000000110001 ( 176)                 .FILL x0031
(30C0) 0030  0000000000110000 ( 176)                 .FILL x0030
(30C1) 0030  0000000000110000 ( 176)                 .FILL x0030
(30C2) 002C  0000000000101100 ( 176)                 .FILL x002C
(30C3) 0020  0000000000100000 ( 176)                 .FILL x0020
(30C4) 0030  0000000000110000 ( 176)                 .FILL x0030
(30C5) 0031  0000000000110001 ( 176)                 .FILL x0031
(30C6) 0032  0000000000110010 ( 176)                 .FILL x0032
(30C7) 0020  0000000000100000 ( 176)                 .FILL x0020
(30C8) 0000  0000000000000000 ( 176)                 .FILL x0000
(30C9) 004E  0000000001001110 ( 177) PROMPTEXECUTE   .FILL x004E
(30CA) 0075  0000000001110101 ( 177)                 .FILL x0075
(30CB) 006D  0000000001101101 ( 177)                 .FILL x006D
(30CC) 0062  0000000001100010 ( 177)                 .FILL x0062
(30CD) 0065  0000000001100101 ( 177)                 .FILL x0065
(30CE) 0072  0000000001110010 ( 177)                 .FILL x0072
(30CF) 0073  0000000001110011 ( 177)                 .FILL x0073
(30D0) 0020  0000000000100000 ( 177)                 .FILL x0020
(30D1) 0069  0000000001101001 ( 177)                 .FILL x0069
(30D2) 006E  0000000001101110 ( 177)                 .FILL x006E
(30D3) 0020  0000000000100000 ( 177)                 .FILL x0020
(30D4) 0041  0000000001000001 ( 177)                 .FILL x0041
(30D5) 0073  0000000001110011 ( 177)                 .FILL x0073
(30D6) 0063  0000000001100011 ( 177)                 .FILL x0063
(30D7) 0065  0000000001100101 ( 177)                 .FILL x0065
(30D8) 006E  0000000001101110 ( 177)                 .FILL x006E
(30D9) 0064  0000000001100100 ( 177)                 .FILL x0064
(30DA) 0069  0000000001101001 ( 177)                 .FILL x0069
(30DB) 006E  0000000001101110 ( 177)                 .FILL x006E
(30DC) 0067  0000000001100111 ( 177)                 .FILL x0067
(30DD) 0020  0000000000100000 ( 177)                 .FILL x0020
(30DE) 004F  0000000001001111 ( 177)                 .FILL x004F
(30DF) 0072  0000000001110010 ( 177)                 .FILL x0072
(30E0) 0064  0000000001100100 ( 177)                 .FILL x0064
(30E1) 0065  0000000001100101 ( 177)                 .FILL x0065
(30E2) 0072  0000000001110010 ( 177)                 .FILL x0072
(30E3) 003A  0000000000111010 ( 177)                 .FILL x003A
(30E4) 0020  0000000000100000 ( 177)                 .FILL x0020
(30E5) 0000  0000000000000000 ( 177)                 .FILL x0000
(30E6) 000A  0000000000001010 ( 178) SPACE           .FILL x000A
(30E7) 0000  0000000000000000 ( 178)                 .FILL x0000
(30E8) FFD0  1111111111010000 ( 179) HEXN48          .FILL xFFD0
(30E9) 0030  0000000000110000 ( 180) HEX48           .FILL x0030
(30EA) 0064  0000000001100100 ( 181) PLACEHUNDRED    .FILL x0064
(30EB) 000A  0000000000001010 ( 182) PLACETEN        .FILL x000A
(30EC) 4000  0100000000000000 ( 183) POINTER         .FILL x4000
(30ED) 0008  0000000000001000 ( 184) IOCOUNTER       .FILL x0008
(30EE) 400A  0100000000001010 ( 185) FIRSTNUM        .FILL x400A
(30EF) 400B  0100000000001011 ( 186) SECONDNUM       .FILL x400B
(30F0) 400C  0100000000001100 ( 187) THIRDNUM        .FILL x400C
(30F1) 3500  0011010100000000 ( 188) FILE            .FILL x3500
